0 info it worked if it ends with ok
1 verbose cli [ '/usr/local/bin/node', '/usr/local/bin/npm', 'run', 'test' ]
2 info using npm@3.10.10
3 info using node@v6.10.3
4 verbose run-script [ 'pretest', 'test', 'posttest' ]
5 info lifecycle applet-2048@1.0.0~pretest: applet-2048@1.0.0
6 silly lifecycle applet-2048@1.0.0~pretest: no script for pretest, continuing
7 info lifecycle applet-2048@1.0.0~test: applet-2048@1.0.0
8 verbose lifecycle applet-2048@1.0.0~test: unsafe-perm in lifecycle true
9 verbose lifecycle applet-2048@1.0.0~test: PATH: /usr/local/lib/node_modules/npm/bin/node-gyp-bin:/Users/alsy/WeChatApplet/wxAppletDemo/applet-2048/node_modules/.bin:/usr/local/bin:/usr/bin:/bin:/usr/sbin:/sbin:/Library/Apple/usr/bin
10 verbose lifecycle applet-2048@1.0.0~test: CWD: /Users/alsy/WeChatApplet/wxAppletDemo/applet-2048
11 silly lifecycle applet-2048@1.0.0~test: Args: [ '-c', 'echo "Error: no test specified" && exit 1' ]
12 silly lifecycle applet-2048@1.0.0~test: Returned: code: 1  signal: null
13 info lifecycle applet-2048@1.0.0~test: Failed to exec test script
14 verbose stack Error: applet-2048@1.0.0 test: `echo "Error: no test specified" && exit 1`
14 verbose stack Exit status 1
14 verbose stack     at EventEmitter.<anonymous> (/usr/local/lib/node_modules/npm/lib/utils/lifecycle.js:255:16)
14 verbose stack     at emitTwo (events.js:106:13)
14 verbose stack     at EventEmitter.emit (events.js:191:7)
14 verbose stack     at ChildProcess.<anonymous> (/usr/local/lib/node_modules/npm/lib/utils/spawn.js:40:14)
14 verbose stack     at emitTwo (events.js:106:13)
14 verbose stack     at ChildProcess.emit (events.js:191:7)
14 verbose stack     at maybeClose (internal/child_process.js:886:16)
14 verbose stack     at Process.ChildProcess._handle.onexit (internal/child_process.js:226:5)
15 verbose pkgid applet-2048@1.0.0
16 verbose cwd /Users/alsy/WeChatApplet/wxAppletDemo/applet-2048
17 error Darwin 19.6.0
18 error argv "/usr/local/bin/node" "/usr/local/bin/npm" "run" "test"
19 error node v6.10.3
20 error npm  v3.10.10
21 error code ELIFECYCLE
22 error applet-2048@1.0.0 test: `echo "Error: no test specified" && exit 1`
22 error Exit status 1
23 error Failed at the applet-2048@1.0.0 test script 'echo "Error: no test specified" && exit 1'.
23 error Make sure you have the latest version of node.js and npm installed.
23 error If you do, this is most likely a problem with the applet-2048 package,
23 error not with npm itself.
23 error Tell the author that this fails on your system:
23 error     echo "Error: no test specified" && exit 1
23 error You can get information on how to open an issue for this project with:
23 error     npm bugs applet-2048
23 error Or if that isn't available, you can get their info via:
23 error     npm owner ls applet-2048
23 error There is likely additional logging output above.
24 verbose exit [ 1, true ]
